[2025-12-30 14:21:23] >>> INITIATING IRONCLAD DEPLOYMENT SEQUENCE <<<
[2025-12-30 14:21:23] [1/6] Validating Engine...
[2025-12-30 14:21:23] [2/6] Writing Configuration Files (Strict UTF-8)...
[2025-12-30 14:21:23] [3/6] Wiping Stale Infrastructure...
[2025-12-30 14:21:23] 
!!! CRITICAL FAILURE !!!
[2025-12-30 14:21:23] time="2025-12-30T14:21:23-07:00" level=warning msg="C:\\Axiom\\docker-compose.yml: the attribute `version` is obsolete, it will be ignored, please remove it to avoid potential confusion"
[2025-12-30 14:21:23] Review axiom_setup.log for details.
[2025-12-30 14:22:45] >>> INITIATING IRONCLAD DEPLOYMENT (V2 FIX) <<<
[2025-12-30 14:22:45] [1/6] Validating Engine...
[2025-12-30 14:22:45] [2/6] Writing Configuration Files...
[2025-12-30 14:22:45] [3/6] Wiping Stale Infrastructure...
[2025-12-30 14:22:45] [4/6] Booting Stack (Waiting for HealthChecks)...
[2025-12-30 14:22:45]       -> Docker is resolving startup order internally.
[2025-12-30 14:22:45]       -> This may take 60-90 seconds. Please wait.
[2025-12-30 14:22:46]       -> SYSTEM REPORTED HEALTHY.
[2025-12-30 14:22:46] [5/6] Verifying Connectivity...
[2025-12-30 14:22:48] 
!!! CRITICAL FAILURE !!!
[2025-12-30 14:22:48] API Unreachable. Port binding issue suspected.
[2025-12-30 14:22:48] Review axiom_setup.log for details.
[2025-12-30 14:23:11] PROCESS STOPPED. Log saved to: C:\Axiom/axiom_setup.log
[2025-12-30 14:26:20] >>> INITIATING INFRASTRUCTURE REPAIR <<<
[2025-12-30 14:26:20] [1/5] Writing Infrastructure Definitions...
[2025-12-30 14:26:20] [2/5] Clearing Stale Containers...
[2025-12-30 14:26:20] [3/5] Building and Booting Stack...
[2025-12-30 14:26:20]       -> Docker is compiling Frontend & Backend.
[2025-12-30 14:26:20]       -> This WILL take 60+ seconds.
[2025-12-30 14:26:24] 
!!! FAILURE !!!
[2025-12-30 14:26:24] Docker Build Failed. Check terminal output above.
[2025-12-30 14:26:24] PROCESS STOPPED. Log saved to: C:\Axiom/axiom_setup.log
[2025-12-30 14:28:37] >>> INITIATING INFINITY DEPLOYMENT <<<
[2025-12-30 14:28:37] [1/5] Writing Complete Infrastructure...
[2025-12-30 14:28:37] [2/5] Clearing Stale Containers...
[2025-12-30 14:28:37] [3/5] Building and Booting Stack...
[2025-12-30 14:28:37]       -> Docker is compiling Frontend & Backend.
[2025-12-30 14:28:37]       -> This WILL take 60+ seconds.
[2025-12-30 14:29:19] 
!!! FAILURE !!!
[2025-12-30 14:29:19] Docker Build Failed. Check terminal output above.
[2025-12-30 14:29:50] PROCESS STOPPED. Log saved to: C:\Axiom/axiom_setup.log
[2025-12-30 14:30:44] >>> INITIATING INFINITY DEPLOYMENT (REV 2) <<<
[2025-12-30 14:30:44] [1/5] Writing Infrastructure...
[2025-12-30 14:30:44] [2/5] Wiping Stale Containers...
[2025-12-30 14:30:45] [3/5] Booting Stack...
[2025-12-30 14:30:45]       -> Docker is resolving startup order.
[2025-12-30 14:30:45]       -> This will take 60-90 seconds. Please wait.
[2025-12-30 14:31:36]       -> SYSTEM HEALTHY.
[2025-12-30 14:31:36] [4/5] Verifying API...
[2025-12-30 14:31:36]       -> API Online.
[2025-12-30 14:31:36] [5/5] Injecting Data...
[2025-12-30 14:31:37]       -> Deploying Swarm...
[2025-12-30 14:31:37] ---------------------------------------------------------
[2025-12-30 14:31:37] AXIOM PHASE 5 SUCCESS.
[2025-12-30 14:31:37] Map URL: http://localhost:3000
[2025-12-30 14:31:37] ---------------------------------------------------------
[2025-12-30 14:33:22] PROCESS STOPPED. Log saved to: C:\Axiom/axiom_setup.log
[2025-12-30 14:36:27] >>> INITIATING INFINITY DEPLOYMENT (REV 2) <<<
[2025-12-30 14:36:27] [1/5] Writing Infrastructure...
[2025-12-30 14:36:27] [2/5] Wiping Stale Containers...
[2025-12-30 14:36:29] [3/5] Booting Stack...
[2025-12-30 14:36:29]       -> Docker is resolving startup order.
[2025-12-30 14:36:29]       -> This will take 60-90 seconds. Please wait.
[2025-12-30 14:36:49]       -> SYSTEM HEALTHY.
[2025-12-30 14:36:49] [4/5] Verifying API...
[2025-12-30 14:36:49]       -> API Online.
[2025-12-30 14:36:49] [5/5] Injecting Data...
[2025-12-30 14:36:49]       -> Deploying Swarm...
[2025-12-30 14:36:49] ---------------------------------------------------------
[2025-12-30 14:36:49] AXIOM PHASE 5 SUCCESS.
[2025-12-30 14:36:49] Map URL: http://localhost:3000
[2025-12-30 14:36:49] ---------------------------------------------------------
[2025-12-30 14:36:49] PROCESS STOPPED. Log saved to: C:\Axiom/axiom_setup.log
[2025-12-30 14:39:49] >>> APPLYING NETWORK BINDING PATCH <<<
[2025-12-30 14:39:49] [1/3] Updating Startup Command...
[2025-12-30 14:39:49] [2/3] Rebuilding Frontend Container...
[2025-12-30 14:40:33] [3/3] Waiting for Next.js Compilation (approx 15s)...
[2025-12-30 14:40:48] CRITICAL: Frontend crashed immediately.
[2025-12-30 14:44:40] >>> INITIATING FRONTEND STRUCTURE REPAIR <<<
[2025-12-30 14:44:41] [1/4] Creating Directory Structure...
[2025-12-30 14:44:41] [2/4] Creating Home Page (index.tsx)...
[2025-12-30 14:44:41] [3/4] Creating Styles (globals.css)...
[2025-12-30 14:44:41] [4/4] Creating App Wrapper (_app.tsx)...
[2025-12-30 14:44:41] >>> RESTARTING FRONTEND <<<
[2025-12-30 14:44:41] Waiting 15s for Compilation...
[2025-12-30 14:44:56] CRITICAL: Frontend crashed.
[2025-12-30 14:50:36] >>> INITIATING CONTAINER IMAGE UPDATE <<<
[2025-12-30 14:50:36] [1/3] Verifying Local File Structure...
[2025-12-30 14:50:36]       -> Pages directory confirmed present on Host.
[2025-12-30 14:50:36] [2/3] Rebuilding Frontend Image (Copying new files)...
[2025-12-30 14:50:36]       -> This burns the new 'pages' folder into the container.
[2025-12-30 14:51:09] [3/3] Waiting for Next.js Boot (approx 20s)...
[2025-12-30 14:51:12]       -> Next.js is READY.
[2025-12-30 14:51:12] 
---------------------------------------------------------
[2025-12-30 14:51:12] SUCCESS: SYNC COMPLETE.
[2025-12-30 14:51:12] Map Dashboard: http://localhost:3000
[2025-12-30 14:51:12] ---------------------------------------------------------
[2025-12-30 14:52:59] >>> APPLYING IMPORT PATH FIX <<<
[2025-12-30 14:52:59] [1/2] Updating _app.tsx to use relative paths...
[2025-12-30 14:52:59] [2/2] Reloading Frontend Container...
[2025-12-30 14:53:14]       -> Waiting 10s for Compilation...
[2025-12-30 14:53:24] ---------------------------------------------------------
[2025-12-30 14:53:24] FIX APPLIED.
[2025-12-30 14:53:24] Refresh: http://localhost:3000
[2025-12-30 14:53:24] ---------------------------------------------------------
[2025-12-30 14:55:58] >>> INITIATING UI ENGINE REPAIR <<<
[2025-12-30 14:55:58] [1/3] Creating tailwind.config.js...
[2025-12-30 14:55:58] [2/3] Creating postcss.config.js...
[2025-12-30 14:55:58] [3/3] Rebuilding Frontend (Applying Styles)...
[2025-12-30 14:55:58]       -> This regenerates the CSS bundle.
[2025-12-30 14:56:13]       -> Waiting 15s for Compilation...
[2025-12-30 14:56:28] ---------------------------------------------------------
[2025-12-30 14:56:28] UI REPAIRED.
[2025-12-30 14:56:28] Refresh: http://localhost:3000
[2025-12-30 14:56:28] ---------------------------------------------------------
